<?xml version="1.0" encoding="UTF-8"?>
<!-- Generated by org.testng.reporters.JUnitXMLReporter -->
<testsuite hostname="HIBACL101452" ignored="2" name="Default test" tests="1" failures="0" timestamp="17 Jun 2021 19:47:41 GMT" time="4.065" errors="0">
  <testcase name="createAnEnvironmentalReport" time="0.0" classname="com.bacancyTechnology.refinedDataApp.testcases.CRUDOperationTest">
    <skipped/>
  </testcase> <!-- createAnEnvironmentalReport -->
  <testcase name="updateEnvironmentalReport" time="0.0" classname="com.bacancyTechnology.refinedDataApp.testcases.CRUDOperationTest">
    <ignored/>
  </testcase> <!-- updateEnvironmentalReport -->
  <testcase name="deleteEnvironmentalReport" time="0.0" classname="com.bacancyTechnology.refinedDataApp.testcases.CRUDOperationTest">
    <ignored/>
  </testcase> <!-- deleteEnvironmentalReport -->
</testsuite> <!-- Default test -->
